Arguments: 
  /usr/local/Cellar/node/14.13.0/bin/node /usr/local/Cellar/yarn/1.22.5/libexec/bin/yarn.js add weppack webpack-cli -D

PATH: 
  /usr/local/sbin:/usr/local/lib/ruby/gems/2.7.0/bin:/usr/local/opt/ruby/bin:/usr/local/opt/node@12/bin:/usr/local/opt/mysql@5.7/bin:/Users/zhangtielin/.composer/vendor/bin:/Users/zhangtielin/.sdkman/candidates/java/current/bin:/Users/zhangtielin/.sdkman/candidates/gradle/current/bin:/Users/zhangtielin/.cargo/bin:/Users/zhangtielin/.cargo/bin:/Users/zhangtielin/bin:/usr/local/bin:/Users/zhangtielin/.cargo/bin:/usr/local/bin:/usr/bin:/bin:/usr/sbin:/sbin:/opt/X11/bin:/Users/zhangtielin/.rvm/bin:/Users/zhangtielin/Library/Application Support/vba-blocks/bin:/Users/zhangtielin/.rvm/bin

Yarn version: 
  1.22.5

Node version: 
  14.13.0

Platform: 
  darwin x64

Trace: 
  Error: https://registry.npmjs.org/weppack: Not found
      at Request.params.callback [as _callback] (/usr/local/Cellar/yarn/1.22.5/libexec/lib/cli.js:66988:18)
      at Request.self.callback (/usr/local/Cellar/yarn/1.22.5/libexec/lib/cli.js:140749:22)
      at Request.emit (events.js:314:20)
      at Request.<anonymous> (/usr/local/Cellar/yarn/1.22.5/libexec/lib/cli.js:141721:10)
      at Request.emit (events.js:314:20)
      at IncomingMessage.<anonymous> (/usr/local/Cellar/yarn/1.22.5/libexec/lib/cli.js:141643:12)
      at Object.onceWrapper (events.js:420:28)
      at IncomingMessage.emit (events.js:326:22)
      at endReadableNT (_stream_readable.js:1252:12)
      at processTicksAndRejections (internal/process/task_queues.js:80:21)

npm manifest: 
  {
    "name": "toyReact",
    "version": "1.0.0",
    "description": "",
    "main": "index.js",
    "scripts": {
      "test": "echo \"Error: no test specified\" && exit 1"
    },
    "keywords": [],
    "author": "",
    "license": "ISC"
  }

yarn manifest: 
  No manifest

Lockfile: 
  No lockfile
